# JRE version: Java(TM) SE Runtime Environment (17.0.11+7) (build 17.0.11+7-LTS-207)
# Java VM: Java HotSpot(TM) 64-Bit Server VM (17.0.11+7-LTS-207, mixed mode, sharing, tiered, compressed oops, compressed class ptrs, g1 gc, windows-amd64)
GC Precious Log:
 CPUs: 4 total, 4 available
 Memory: 3901M
 Large Page Support: Disabled
 NUMA Support: Disabled
 Compressed Oops: Enabled (32-bit)
 Heap Region Size: 1M
 Heap Min Capacity: 8M
 Heap Initial Capacity: 62M
 Heap Max Capacity: 2G
 Pre-touch: Disabled
 Parallel Workers: 4
 Concurrent Workers: 1
 Concurrent Refinement Workers: 4
 Periodic GC: Disabled
Heap:
 garbage-first heap   total 157696K, used 103539K [0x0000000080000000, 0x0000000100000000)
  region size 1024K, 5 young (5120K), 5 survivors (5120K)
 Metaspace       used 84323K, committed 85184K, reserved 557056K
  class space    used 11577K, committed 11968K, reserved 425984K
GC Heap History (20 events):
Event: 75.733 GC heap after
{Heap after GC invocations=59 (full 0):
 garbage-first heap   total 138240K, used 77925K [0x0000000080000000, 0x0000000100000000)
  region size 1024K, 1 young (1024K), 1 survivors (1024K)
 Metaspace       used 74893K, committed 75776K, reserved 491520K
  class space    used 10512K, committed 10944K, reserved 425984K
}
Event: 79.172 GC heap before
{Heap before GC invocations=59 (full 0):
 garbage-first heap   total 138240K, used 111717K [0x0000000080000000, 0x0000000100000000)
  region size 1024K, 35 young (35840K), 1 survivors (1024K)
 Metaspace       used 74952K, committed 75840K, reserved 491520K
  class space    used 10512K, committed 10944K, reserved 425984K
}
Event: 79.183 GC heap after
{Heap after GC invocations=60 (full 0):
 garbage-first heap   total 138240K, used 78552K [0x0000000080000000, 0x0000000100000000)
  region size 1024K, 2 young (2048K), 2 survivors (2048K)
 Metaspace       used 74952K, committed 75840K, reserved 491520K
  class space    used 10512K, committed 10944K, reserved 425984K
}
Event: 82.388 GC heap before
{Heap before GC invocations=61 (full 0):
 garbage-first heap   total 138240K, used 112344K [0x0000000080000000, 0x0000000100000000)
  region size 1024K, 36 young (36864K), 2 survivors (2048K)
 Metaspace       used 74968K, committed 75840K, reserved 491520K
  class space    used 10513K, committed 10944K, reserved 425984K
}
Event: 82.398 GC heap after
{Heap after GC invocations=62 (full 0):
 garbage-first heap   total 138240K, used 79519K [0x0000000080000000, 0x0000000100000000)
  region size 1024K, 3 young (3072K), 3 survivors (3072K)
 Metaspace       used 74968K, committed 75840K, reserved 491520K
  class space    used 10513K, committed 10944K, reserved 425984K
}
Event: 82.528 GC heap before
{Heap before GC invocations=62 (full 0):
 garbage-first heap   total 138240K, used 81567K [0x0000000080000000, 0x0000000100000000)
  region size 1024K, 6 young (6144K), 3 survivors (3072K)
 Metaspace       used 74968K, committed 75840K, reserved 491520K
  class space    used 10513K, committed 10944K, reserved 425984K
}
Event: 82.552 GC heap after
{Heap after GC invocations=63 (full 0):
 garbage-first heap   total 138240K, used 79365K [0x0000000080000000, 0x0000000100000000)
  region size 1024K, 1 young (1024K), 1 survivors (1024K)
 Metaspace       used 74968K, committed 75840K, reserved 491520K
  class space    used 10513K, committed 10944K, reserved 425984K
}
Event: 84.310 GC heap before
{Heap before GC invocations=63 (full 0):
 garbage-first heap   total 138240K, used 109061K [0x0000000080000000, 0x0000000100000000)
  region size 1024K, 32 young (32768K), 1 survivors (1024K)
 Metaspace       used 74997K, committed 75904K, reserved 491520K
  class space    used 10517K, committed 10944K, reserved 425984K
}
Event: 84.317 GC heap after
{Heap after GC invocations=64 (full 0):
 garbage-first heap   total 138240K, used 80213K [0x0000000080000000, 0x0000000100000000)
  region size 1024K, 2 young (2048K), 2 survivors (2048K)
 Metaspace       used 74997K, committed 75904K, reserved 491520K
  class space    used 10517K, committed 10944K, reserved 425984K
}
Event: 87.077 GC heap before
{Heap before GC invocations=65 (full 0):
 garbage-first heap   total 143360K, used 121173K [0x0000000080000000, 0x0000000100000000)
  region size 1024K, 36 young (36864K), 2 survivors (2048K)
 Metaspace       used 76733K, committed 77568K, reserved 557056K
  class space    used 10732K, committed 11136K, reserved 425984K
}
Event: 87.100 GC heap after
{Heap after GC invocations=66 (full 0):
 garbage-first heap   total 143360K, used 92272K [0x0000000080000000, 0x0000000100000000)
  region size 1024K, 5 young (5120K), 5 survivors (5120K)
 Metaspace       used 76733K, committed 77568K, reserved 557056K
  class space    used 10732K, committed 11136K, reserved 425984K
}
Event: 87.155 GC heap before
{Heap before GC invocations=66 (full 0):
 garbage-first heap   total 143360K, used 94320K [0x0000000080000000, 0x0000000100000000)
  region size 1024K, 7 young (7168K), 5 survivors (5120K)
 Metaspace       used 76899K, committed 77824K, reserved 557056K
  class space    used 10755K, committed 11200K, reserved 425984K
}
Event: 87.177 GC heap after
{Heap after GC invocations=67 (full 0):
 garbage-first heap   total 143360K, used 92209K [0x0000000080000000, 0x0000000100000000)
  region size 1024K, 1 young (1024K), 1 survivors (1024K)
 Metaspace       used 76899K, committed 77824K, reserved 557056K
  class space    used 10755K, committed 11200K, reserved 425984K
}
Event: 88.458 GC heap before
{Heap before GC invocations=67 (full 0):
 garbage-first heap   total 143360K, used 119857K [0x0000000080000000, 0x0000000100000000)
  region size 1024K, 29 young (29696K), 1 survivors (1024K)
 Metaspace       used 79475K, committed 80384K, reserved 557056K
  class space    used 11007K, committed 11392K, reserved 425984K
}
Event: 88.467 GC heap after
{Heap after GC invocations=68 (full 0):
 garbage-first heap   total 143360K, used 92602K [0x0000000080000000, 0x0000000100000000)
  region size 1024K, 1 young (1024K), 1 survivors (1024K)
 Metaspace       used 79475K, committed 80384K, reserved 557056K
  class space    used 11007K, committed 11392K, reserved 425984K
}
Event: 90.778 GC heap before
{Heap before GC invocations=69 (full 0):
 garbage-first heap   total 157696K, used 122298K [0x0000000080000000, 0x0000000100000000)
  region size 1024K, 30 young (30720K), 1 survivors (1024K)
 Metaspace       used 82626K, committed 83584K, reserved 557056K
  class space    used 11342K, committed 11776K, reserved 425984K
}
Event: 90.790 GC heap after
{Heap after GC invocations=70 (full 0):
 garbage-first heap   total 157696K, used 95420K [0x0000000080000000, 0x0000000100000000)
  region size 1024K, 3 young (3072K), 3 survivors (3072K)
 Metaspace       used 82626K, committed 83584K, reserved 557056K
  class space    used 11342K, committed 11776K, reserved 425984K
}
Event: 90.821 GC heap before
{Heap before GC invocations=70 (full 0):
 garbage-first heap   total 157696K, used 101564K [0x0000000080000000, 0x0000000100000000)
  region size 1024K, 7 young (7168K), 3 survivors (3072K)
 Metaspace       used 82626K, committed 83584K, reserved 557056K
  class space    used 11342K, committed 11776K, reserved 425984K
}
Event: 90.844 GC heap after
{Heap after GC invocations=71 (full 0):
 garbage-first heap   total 157696K, used 99263K [0x0000000080000000, 0x0000000100000000)
  region size 1024K, 1 young (1024K), 1 survivors (1024K)
 Metaspace       used 82626K, committed 83584K, reserved 557056K
  class space    used 11342K, committed 11776K, reserved 425984K
}
Event: 96.120 GC heap before
{Heap before GC invocations=71 (full 0):
 garbage-first heap   total 157696K, used 133055K [0x0000000080000000, 0x0000000100000000)
  region size 1024K, 33 young (33792K), 1 survivors (1024K)
 Metaspace       used 84323K, committed 85184K, reserved 557056K
  class space    used 11577K, committed 11968K, reserved 425984K
}

